Nov 15, 2015 1:33:54 PM oracle.mds
NOTIFICATION: PManager instance is created without multitenancy support as JVM flag "oracle.multitenant.enabled" is not set to enable multitenancy support.
Nov 15, 2015 1:33:54 PM oracle.security.jps.internal.config.xml.XmlConfigurationFactory initDefaultConfiguration
SEVERE: java.io.FileNotFoundException: .\config\jps-config.xml (The system cannot find the path specified)
Nov 15, 2015 1:33:54 PM oracle.mds
NOTIFICATION: Auditing is disabled for component MDS.
Nov 15, 2015 1:33:57 PM oracle.fabric.common.wsdl.SchemaBuilder resolveWorkFlowSchemas
WARNING: Ignoring composite local workflow schema of http://wn017a.amer.qahomedepot.com:8001/integration/services/TaskQueryService/TaskQueryService?XSD=WorkflowCommon.xsd as there is an MDS shared version of the schema used by workflow engine oramds:/soa/shared/workflow/WorkflowCommon.xsd
Nov 15, 2015 1:33:57 PM oracle.fabric.common.wsdl.SchemaBuilder resolveWorkFlowSchemas
WARNING: Ignoring composite local workflow schema of http://wn017a.amer.qahomedepot.com:8001/integration/services/TaskQueryService/TaskQueryService?XSD=WorkflowTask.xsd as there is an MDS shared version of the schema used by workflow engine oramds:/soa/shared/workflow/WorkflowTask.xsd
Nov 15, 2015 1:33:57 PM oracle.fabric.common.wsdl.SchemaBuilder resolveWorkFlowSchemas
WARNING: Ignoring composite local workflow schema of http://wn017a.amer.qahomedepot.com:8001/integration/services/TaskQueryService/TaskQueryService?XSD=WorkflowCommon.xsd as there is an MDS shared version of the schema used by workflow engine oramds:/soa/shared/workflow/WorkflowCommon.xsd
Nov 15, 2015 1:33:57 PM oracle.fabric.common.wsdl.SchemaBuilder resolveWorkFlowSchemas
WARNING: Ignoring composite local workflow schema of http://wn017a.amer.qahomedepot.com:8001/integration/services/TaskQueryService/TaskQueryService?XSD=WorkflowTask.xsd as there is an MDS shared version of the schema used by workflow engine oramds:/soa/shared/workflow/WorkflowTask.xsd
Nov 15, 2015 1:33:58 PM oracle.fabric.common.wsdl.SchemaBuilder resolveWorkFlowSchemas
WARNING: Ignoring composite local workflow schema of http://wn017a.amer.qahomedepot.com:8001/integration/services/TaskQueryService/TaskQueryService?XSD=WorkflowCommon.xsd as there is an MDS shared version of the schema used by workflow engine oramds:/soa/shared/workflow/WorkflowCommon.xsd
Nov 15, 2015 1:33:58 PM oracle.fabric.common.wsdl.SchemaBuilder resolveWorkFlowSchemas
WARNING: Ignoring composite local workflow schema of http://wn017a.amer.qahomedepot.com:8001/integration/services/TaskQueryService/TaskQueryService?XSD=WorkflowTask.xsd as there is an MDS shared version of the schema used by workflow engine oramds:/soa/shared/workflow/WorkflowTask.xsd
Nov 15, 2015 1:33:59 PM oracle.fabric.common.wsdl.SchemaBuilder resolveWorkFlowSchemas
WARNING: Ignoring composite local workflow schema of http://wn017a.amer.qahomedepot.com:8001/integration/services/TaskQueryService/TaskQueryService?XSD=WorkflowCommon.xsd as there is an MDS shared version of the schema used by workflow engine oramds:/soa/shared/workflow/WorkflowCommon.xsd
Nov 15, 2015 1:33:59 PM oracle.fabric.common.wsdl.SchemaBuilder resolveWorkFlowSchemas
WARNING: Ignoring composite local workflow schema of http://wn017a.amer.qahomedepot.com:8001/integration/services/TaskQueryService/TaskQueryService?XSD=WorkflowTask.xsd as there is an MDS shared version of the schema used by workflow engine oramds:/soa/shared/workflow/WorkflowTask.xsd
Nov 15, 2015 1:34:01 PM oracle.fabric.common.wsdl.SchemaBuilder resolveWorkFlowSchemas
WARNING: Ignoring composite local workflow schema of http://wn017a.amer.qahomedepot.com:8001/integration/services/TaskService/TaskServicePort?XSD=WorkflowTask.xsd as there is an MDS shared version of the schema used by workflow engine oramds:/soa/shared/workflow/WorkflowTask.xsd
Nov 15, 2015 1:34:01 PM oracle.fabric.common.wsdl.SchemaBuilder resolveWorkFlowSchemas
WARNING: Ignoring composite local workflow schema of http://wn017a.amer.qahomedepot.com:8001/integration/services/TaskService/TaskServicePort?XSD=WorkflowTask.xsd as there is an MDS shared version of the schema used by workflow engine oramds:/soa/shared/workflow/WorkflowTask.xsd
Nov 15, 2015 1:34:01 PM oracle.fabric.common.wsdl.SchemaBuilder resolveWorkFlowSchemas
WARNING: Ignoring composite local workflow schema of http://wn017a.amer.qahomedepot.com:8001/integration/services/TaskService/TaskServicePort?XSD=WorkflowCommon.xsd as there is an MDS shared version of the schema used by workflow engine oramds:/soa/shared/workflow/WorkflowCommon.xsd
Nov 15, 2015 1:34:01 PM oracle.fabric.common.wsdl.SchemaBuilder resolveWorkFlowSchemas
WARNING: Ignoring composite local workflow schema of http://wn017a.amer.qahomedepot.com:8001/integration/services/TaskService/TaskServicePort?XSD=RoutingSlip.xsd as there is an MDS shared version of the schema used by workflow engine oramds:/soa/shared/workflow/RoutingSlip.xsd
Nov 15, 2015 1:34:01 PM oracle.fabric.common.wsdl.SchemaBuilder resolveWorkFlowSchemas
WARNING: Ignoring composite local workflow schema of http://wn017a.amer.qahomedepot.com:8001/integration/services/TaskService/TaskServicePort?XSD=RoutingSlip.xsd as there is an MDS shared version of the schema used by workflow engine oramds:/soa/shared/workflow/RoutingSlip.xsd
Nov 15, 2015 1:34:02 PM oracle.fabric.common.wsdl.SchemaManager isIncrementalBuildSupported
INFO: XMLSchema incremental build enabled.
Nov 15, 2015 1:34:03 PM oracle.fabric.common.wsdl.SchemaBuilder resolveWorkFlowSchemas
WARNING: Ignoring composite local workflow schema of http://wn017a.amer.qahomedepot.com:8001/integration/services/TaskQueryService/TaskQueryService?XSD=WorkflowCommon.xsd as there is an MDS shared version of the schema used by workflow engine oramds:/soa/shared/workflow/WorkflowCommon.xsd
Nov 15, 2015 1:34:03 PM oracle.fabric.common.wsdl.SchemaBuilder resolveWorkFlowSchemas
WARNING: Ignoring composite local workflow schema of http://wn017a.amer.qahomedepot.com:8001/integration/services/TaskQueryService/TaskQueryService?XSD=WorkflowTask.xsd as there is an MDS shared version of the schema used by workflow engine oramds:/soa/shared/workflow/WorkflowTask.xsd
Nov 15, 2015 1:34:04 PM oracle.fabric.common.wsdl.SchemaBuilder resolveWorkFlowSchemas
WARNING: Ignoring composite local workflow schema of http://wn017a.amer.qahomedepot.com:8001/integration/services/TaskQueryService/TaskQueryService?XSD=WorkflowCommon.xsd as there is an MDS shared version of the schema used by workflow engine oramds:/soa/shared/workflow/WorkflowCommon.xsd
Nov 15, 2015 1:34:04 PM oracle.fabric.common.wsdl.SchemaBuilder resolveWorkFlowSchemas
WARNING: Ignoring composite local workflow schema of http://wn017a.amer.qahomedepot.com:8001/integration/services/TaskQueryService/TaskQueryService?XSD=WorkflowTask.xsd as there is an MDS shared version of the schema used by workflow engine oramds:/soa/shared/workflow/WorkflowTask.xsd
Nov 15, 2015 1:34:04 PM oracle.fabric.common.wsdl.SchemaBuilder resolveWorkFlowSchemas
WARNING: Ignoring composite local workflow schema of http://wn017a.amer.qahomedepot.com:8001/integration/services/TaskQueryService/TaskQueryService?XSD=WorkflowCommon.xsd as there is an MDS shared version of the schema used by workflow engine oramds:/soa/shared/workflow/WorkflowCommon.xsd
Nov 15, 2015 1:34:04 PM oracle.fabric.common.wsdl.SchemaBuilder resolveWorkFlowSchemas
WARNING: Ignoring composite local workflow schema of http://wn017a.amer.qahomedepot.com:8001/integration/services/TaskQueryService/TaskQueryService?XSD=WorkflowTask.xsd as there is an MDS shared version of the schema used by workflow engine oramds:/soa/shared/workflow/WorkflowTask.xsd
Nov 15, 2015 1:34:05 PM oracle.fabric.common.wsdl.SchemaBuilder resolveWorkFlowSchemas
WARNING: Ignoring composite local workflow schema of http://wn017a.amer.qahomedepot.com:8001/integration/services/TaskQueryService/TaskQueryService?XSD=WorkflowCommon.xsd as there is an MDS shared version of the schema used by workflow engine oramds:/soa/shared/workflow/WorkflowCommon.xsd
Nov 15, 2015 1:34:05 PM oracle.fabric.common.wsdl.SchemaBuilder resolveWorkFlowSchemas
WARNING: Ignoring composite local workflow schema of http://wn017a.amer.qahomedepot.com:8001/integration/services/TaskQueryService/TaskQueryService?XSD=WorkflowTask.xsd as there is an MDS shared version of the schema used by workflow engine oramds:/soa/shared/workflow/WorkflowTask.xsd
Nov 15, 2015 1:34:06 PM oracle.fabric.common.wsdl.SchemaBuilder resolveWorkFlowSchemas
WARNING: Ignoring composite local workflow schema of http://wn017a.amer.qahomedepot.com:8001/integration/services/TaskService/TaskServicePort?XSD=WorkflowTask.xsd as there is an MDS shared version of the schema used by workflow engine oramds:/soa/shared/workflow/WorkflowTask.xsd
Nov 15, 2015 1:34:06 PM oracle.fabric.common.wsdl.SchemaBuilder resolveWorkFlowSchemas
WARNING: Ignoring composite local workflow schema of http://wn017a.amer.qahomedepot.com:8001/integration/services/TaskService/TaskServicePort?XSD=WorkflowTask.xsd as there is an MDS shared version of the schema used by workflow engine oramds:/soa/shared/workflow/WorkflowTask.xsd
Nov 15, 2015 1:34:06 PM oracle.fabric.common.wsdl.SchemaBuilder resolveWorkFlowSchemas
WARNING: Ignoring composite local workflow schema of http://wn017a.amer.qahomedepot.com:8001/integration/services/TaskService/TaskServicePort?XSD=WorkflowCommon.xsd as there is an MDS shared version of the schema used by workflow engine oramds:/soa/shared/workflow/WorkflowCommon.xsd
Nov 15, 2015 1:34:06 PM oracle.fabric.common.wsdl.SchemaBuilder resolveWorkFlowSchemas
WARNING: Ignoring composite local workflow schema of http://wn017a.amer.qahomedepot.com:8001/integration/services/TaskService/TaskServicePort?XSD=RoutingSlip.xsd as there is an MDS shared version of the schema used by workflow engine oramds:/soa/shared/workflow/RoutingSlip.xsd
Nov 15, 2015 1:34:06 PM oracle.fabric.common.wsdl.SchemaBuilder resolveWorkFlowSchemas
WARNING: Ignoring composite local workflow schema of http://wn017a.amer.qahomedepot.com:8001/integration/services/TaskService/TaskServicePort?XSD=RoutingSlip.xsd as there is an MDS shared version of the schema used by workflow engine oramds:/soa/shared/workflow/RoutingSlip.xsd
Nov 15, 2015 1:34:08 PM oracle.integration.platform.blocks.FabricConfigManager <clinit>
WARNING: JRF is unable to determine the current application server platform.
Nov 15, 2015 1:34:08 PM oracle.integration.platform.blocks.WLSPlatformConfigurationProvider <clinit>
WARNING: JRF is unable to determine the current application server platform.
