Aug 11, 2016 4:09:52 PM oracle.security.jps.util.JpsUtil disableAudit
INFO: JpsUtil: isAuditDisabled set to true
Aug 11, 2016 4:09:52 PM oracle.security.jps.util.JpsUtil disableAudit
INFO: JpsUtil: isAuditDisabled set to false
Aug 11, 2016 4:09:54 PM oracle.mds
NOTIFICATION: PManager instance is created without multitenancy support as JVM flag "oracle.multitenant.enabled" is not set to enable multitenancy support.
Aug 11, 2016 4:09:54 PM oracle.security.jps.internal.config.xml.XmlConfigurationFactory initDefaultConfiguration
SEVERE: java.io.FileNotFoundException: .\config\jps-config.xml (The system cannot find the path specified)
Aug 11, 2016 4:09:54 PM oracle.mds
NOTIFICATION: Auditing is disabled for component MDS.
Aug 11, 2016 4:09:55 PM oracle.fabric.common.wsdl.SchemaBuilder resolveWorkFlowSchemas
WARNING: Ignoring composite local workflow schema of http://wn04cc.amer.qahomedepot.com:8001/integration/services/TaskQueryService/TaskQueryService?XSD=WorkflowCommon.xsd as there is an MDS shared version of the schema used by workflow engine oramds:/soa/shared/workflow/WorkflowCommon.xsd
Aug 11, 2016 4:09:55 PM oracle.fabric.common.wsdl.SchemaBuilder resolveWorkFlowSchemas
WARNING: Ignoring composite local workflow schema of http://wn04cc.amer.qahomedepot.com:8001/integration/services/TaskQueryService/TaskQueryService?XSD=WorkflowTask.xsd as there is an MDS shared version of the schema used by workflow engine oramds:/soa/shared/workflow/WorkflowTask.xsd
Aug 11, 2016 4:09:55 PM oracle.fabric.common.wsdl.SchemaBuilder resolveWorkFlowSchemas
WARNING: Ignoring composite local workflow schema of http://wn04cc.amer.qahomedepot.com:8001/integration/services/TaskQueryService/TaskQueryService?XSD=WorkflowCommon.xsd as there is an MDS shared version of the schema used by workflow engine oramds:/soa/shared/workflow/WorkflowCommon.xsd
Aug 11, 2016 4:09:55 PM oracle.fabric.common.wsdl.SchemaBuilder resolveWorkFlowSchemas
WARNING: Ignoring composite local workflow schema of http://wn04cc.amer.qahomedepot.com:8001/integration/services/TaskQueryService/TaskQueryService?XSD=WorkflowTask.xsd as there is an MDS shared version of the schema used by workflow engine oramds:/soa/shared/workflow/WorkflowTask.xsd
Aug 11, 2016 4:09:55 PM oracle.fabric.common.wsdl.SchemaBuilder resolveWorkFlowSchemas
WARNING: Ignoring composite local workflow schema of http://wn04cc.amer.qahomedepot.com:8001/integration/services/TaskQueryService/TaskQueryService?XSD=WorkflowCommon.xsd as there is an MDS shared version of the schema used by workflow engine oramds:/soa/shared/workflow/WorkflowCommon.xsd
Aug 11, 2016 4:09:55 PM oracle.fabric.common.wsdl.SchemaBuilder resolveWorkFlowSchemas
WARNING: Ignoring composite local workflow schema of http://wn04cc.amer.qahomedepot.com:8001/integration/services/TaskQueryService/TaskQueryService?XSD=WorkflowTask.xsd as there is an MDS shared version of the schema used by workflow engine oramds:/soa/shared/workflow/WorkflowTask.xsd
Aug 11, 2016 4:09:56 PM oracle.fabric.common.wsdl.SchemaBuilder resolveWorkFlowSchemas
WARNING: Ignoring composite local workflow schema of http://wn04cc.amer.qahomedepot.com:8001/integration/services/TaskQueryService/TaskQueryService?XSD=WorkflowCommon.xsd as there is an MDS shared version of the schema used by workflow engine oramds:/soa/shared/workflow/WorkflowCommon.xsd
Aug 11, 2016 4:09:56 PM oracle.fabric.common.wsdl.SchemaBuilder resolveWorkFlowSchemas
WARNING: Ignoring composite local workflow schema of http://wn04cc.amer.qahomedepot.com:8001/integration/services/TaskQueryService/TaskQueryService?XSD=WorkflowTask.xsd as there is an MDS shared version of the schema used by workflow engine oramds:/soa/shared/workflow/WorkflowTask.xsd
Aug 11, 2016 4:09:56 PM oracle.fabric.common.wsdl.SchemaBuilder resolveWorkFlowSchemas
WARNING: Ignoring composite local workflow schema of http://wn04cc.amer.qahomedepot.com:8001/integration/services/TaskService/TaskServicePort?XSD=WorkflowTask.xsd as there is an MDS shared version of the schema used by workflow engine oramds:/soa/shared/workflow/WorkflowTask.xsd
Aug 11, 2016 4:09:56 PM oracle.fabric.common.wsdl.SchemaBuilder resolveWorkFlowSchemas
WARNING: Ignoring composite local workflow schema of http://wn04cc.amer.qahomedepot.com:8001/integration/services/TaskService/TaskServicePort?XSD=WorkflowTask.xsd as there is an MDS shared version of the schema used by workflow engine oramds:/soa/shared/workflow/WorkflowTask.xsd
Aug 11, 2016 4:09:56 PM oracle.fabric.common.wsdl.SchemaBuilder resolveWorkFlowSchemas
WARNING: Ignoring composite local workflow schema of http://wn04cc.amer.qahomedepot.com:8001/integration/services/TaskService/TaskServicePort?XSD=WorkflowCommon.xsd as there is an MDS shared version of the schema used by workflow engine oramds:/soa/shared/workflow/WorkflowCommon.xsd
Aug 11, 2016 4:09:56 PM oracle.fabric.common.wsdl.SchemaBuilder resolveWorkFlowSchemas
WARNING: Ignoring composite local workflow schema of http://wn04cc.amer.qahomedepot.com:8001/integration/services/TaskService/TaskServicePort?XSD=RoutingSlip.xsd as there is an MDS shared version of the schema used by workflow engine oramds:/soa/shared/workflow/RoutingSlip.xsd
Aug 11, 2016 4:09:56 PM oracle.fabric.common.wsdl.SchemaBuilder resolveWorkFlowSchemas
WARNING: Ignoring composite local workflow schema of http://wn04cc.amer.qahomedepot.com:8001/integration/services/TaskService/TaskServicePort?XSD=RoutingSlip.xsd as there is an MDS shared version of the schema used by workflow engine oramds:/soa/shared/workflow/RoutingSlip.xsd
Aug 11, 2016 4:09:56 PM oracle.fabric.common.wsdl.SchemaManager isIncrementalBuildSupported
INFO: XMLSchema incremental build enabled.
Aug 11, 2016 4:09:57 PM oracle.integration.platform.blocks.FabricConfigManager <clinit>
WARNING: JRF is unable to determine the current application server platform.
Aug 11, 2016 4:09:57 PM oracle.integration.platform.blocks.WLSPlatformConfigurationProvider <clinit>
WARNING: JRF is unable to determine the current application server platform.
Aug 11, 2016 4:09:57 PM oracle.fabric.common.wsdl.SchemaBuilder resolveWorkFlowSchemas
WARNING: Ignoring composite local workflow schema of http://wn04cc.amer.qahomedepot.com:8001/integration/services/TaskQueryService/TaskQueryService?XSD=WorkflowCommon.xsd as there is an MDS shared version of the schema used by workflow engine oramds:/soa/shared/workflow/WorkflowCommon.xsd
Aug 11, 2016 4:09:57 PM oracle.fabric.common.wsdl.SchemaBuilder resolveWorkFlowSchemas
WARNING: Ignoring composite local workflow schema of http://wn04cc.amer.qahomedepot.com:8001/integration/services/TaskQueryService/TaskQueryService?XSD=WorkflowTask.xsd as there is an MDS shared version of the schema used by workflow engine oramds:/soa/shared/workflow/WorkflowTask.xsd
Aug 11, 2016 4:09:57 PM oracle.fabric.common.wsdl.SchemaBuilder resolveWorkFlowSchemas
WARNING: Ignoring composite local workflow schema of http://wn04cc.amer.qahomedepot.com:8001/integration/services/TaskQueryService/TaskQueryService?XSD=WorkflowCommon.xsd as there is an MDS shared version of the schema used by workflow engine oramds:/soa/shared/workflow/WorkflowCommon.xsd
Aug 11, 2016 4:09:57 PM oracle.fabric.common.wsdl.SchemaBuilder resolveWorkFlowSchemas
WARNING: Ignoring composite local workflow schema of http://wn04cc.amer.qahomedepot.com:8001/integration/services/TaskQueryService/TaskQueryService?XSD=WorkflowTask.xsd as there is an MDS shared version of the schema used by workflow engine oramds:/soa/shared/workflow/WorkflowTask.xsd
Aug 11, 2016 4:09:57 PM oracle.fabric.common.wsdl.SchemaBuilder resolveWorkFlowSchemas
WARNING: Ignoring composite local workflow schema of http://wn04cc.amer.qahomedepot.com:8001/integration/services/TaskQueryService/TaskQueryService?XSD=WorkflowCommon.xsd as there is an MDS shared version of the schema used by workflow engine oramds:/soa/shared/workflow/WorkflowCommon.xsd
Aug 11, 2016 4:09:57 PM oracle.fabric.common.wsdl.SchemaBuilder resolveWorkFlowSchemas
WARNING: Ignoring composite local workflow schema of http://wn04cc.amer.qahomedepot.com:8001/integration/services/TaskQueryService/TaskQueryService?XSD=WorkflowTask.xsd as there is an MDS shared version of the schema used by workflow engine oramds:/soa/shared/workflow/WorkflowTask.xsd
Aug 11, 2016 4:09:57 PM oracle.fabric.common.wsdl.SchemaBuilder resolveWorkFlowSchemas
WARNING: Ignoring composite local workflow schema of http://wn04cc.amer.qahomedepot.com:8001/integration/services/TaskQueryService/TaskQueryService?XSD=WorkflowCommon.xsd as there is an MDS shared version of the schema used by workflow engine oramds:/soa/shared/workflow/WorkflowCommon.xsd
Aug 11, 2016 4:09:57 PM oracle.fabric.common.wsdl.SchemaBuilder resolveWorkFlowSchemas
WARNING: Ignoring composite local workflow schema of http://wn04cc.amer.qahomedepot.com:8001/integration/services/TaskQueryService/TaskQueryService?XSD=WorkflowTask.xsd as there is an MDS shared version of the schema used by workflow engine oramds:/soa/shared/workflow/WorkflowTask.xsd
Aug 11, 2016 4:09:57 PM oracle.fabric.common.wsdl.SchemaBuilder resolveWorkFlowSchemas
WARNING: Ignoring composite local workflow schema of http://wn04cc.amer.qahomedepot.com:8001/integration/services/TaskService/TaskServicePort?XSD=WorkflowTask.xsd as there is an MDS shared version of the schema used by workflow engine oramds:/soa/shared/workflow/WorkflowTask.xsd
Aug 11, 2016 4:09:57 PM oracle.fabric.common.wsdl.SchemaBuilder resolveWorkFlowSchemas
WARNING: Ignoring composite local workflow schema of http://wn04cc.amer.qahomedepot.com:8001/integration/services/TaskService/TaskServicePort?XSD=WorkflowTask.xsd as there is an MDS shared version of the schema used by workflow engine oramds:/soa/shared/workflow/WorkflowTask.xsd
Aug 11, 2016 4:09:57 PM oracle.fabric.common.wsdl.SchemaBuilder resolveWorkFlowSchemas
WARNING: Ignoring composite local workflow schema of http://wn04cc.amer.qahomedepot.com:8001/integration/services/TaskService/TaskServicePort?XSD=WorkflowCommon.xsd as there is an MDS shared version of the schema used by workflow engine oramds:/soa/shared/workflow/WorkflowCommon.xsd
Aug 11, 2016 4:09:57 PM oracle.fabric.common.wsdl.SchemaBuilder resolveWorkFlowSchemas
WARNING: Ignoring composite local workflow schema of http://wn04cc.amer.qahomedepot.com:8001/integration/services/TaskService/TaskServicePort?XSD=RoutingSlip.xsd as there is an MDS shared version of the schema used by workflow engine oramds:/soa/shared/workflow/RoutingSlip.xsd
Aug 11, 2016 4:09:57 PM oracle.fabric.common.wsdl.SchemaBuilder resolveWorkFlowSchemas
WARNING: Ignoring composite local workflow schema of http://wn04cc.amer.qahomedepot.com:8001/integration/services/TaskService/TaskServicePort?XSD=RoutingSlip.xsd as there is an MDS shared version of the schema used by workflow engine oramds:/soa/shared/workflow/RoutingSlip.xsd
